Started GET "/" for ::1 at 2017-01-17 11:46:44 +0200
Processing by Rails::WelcomeController#index as HTML
  Parameters: {"internal"=>true}
  Rendering C:/RailsInstaller/Ruby2.3.0/lib/ruby/gems/2.3.0/gems/railties-5.0.1/lib/rails/templates/rails/welcome/index.html.erb
  Rendered C:/RailsInstaller/Ruby2.3.0/lib/ruby/gems/2.3.0/gems/railties-5.0.1/lib/rails/templates/rails/welcome/index.html.erb (24.9ms)
Completed 200 OK in 116ms (Views: 63.7ms | ActiveRecord: 0.0ms)


Started GET "/" for ::1 at 2017-01-17 11:51:13 +0200
  
ActiveRecord::PendingMigrationError (

Migrations are pending. To resolve this issue, run:

        bin/rails db:migrate RAILS_ENV=development

):
  
activerecord (5.0.1) lib/active_record/migration.rb:573:in `check_pending!'
activerecord (5.0.1) lib/active_record/migration.rb:549:in `call'
actionpack (5.0.1) lib/action_dispatch/middleware/callbacks.rb:38:in `block in call'
activesupport (5.0.1) lib/active_support/callbacks.rb:97:in `__run_callbacks__'
activesupport (5.0.1) lib/active_support/callbacks.rb:750:in `_run_call_callbacks'
activesupport (5.0.1) lib/active_support/callbacks.rb:90:in `run_callbacks'
actionpack (5.0.1) lib/action_dispatch/middleware/callbacks.rb:36:in `call'
actionpack (5.0.1) lib/action_dispatch/middleware/executor.rb:12:in `call'
actionpack (5.0.1) lib/action_dispatch/middleware/remote_ip.rb:79:in `call'
actionpack (5.0.1) lib/action_dispatch/middleware/debug_exceptions.rb:49:in `call'
web-console (3.4.0) lib/web_console/middleware.rb:135:in `call_app'
web-console (3.4.0) lib/web_console/middleware.rb:28:in `block in call'
web-console (3.4.0) lib/web_console/middleware.rb:18:in `catch'
web-console (3.4.0) lib/web_console/middleware.rb:18:in `call'
actionpack (5.0.1) lib/action_dispatch/middleware/show_exceptions.rb:31:in `call'
railties (5.0.1) lib/rails/rack/logger.rb:36:in `call_app'
railties (5.0.1) lib/rails/rack/logger.rb:24:in `block in call'
activesupport (5.0.1) lib/active_support/tagged_logging.rb:69:in `block in tagged'
activesupport (5.0.1) lib/active_support/tagged_logging.rb:26:in `tagged'
activesupport (5.0.1) lib/active_support/tagged_logging.rb:69:in `tagged'
railties (5.0.1) lib/rails/rack/logger.rb:24:in `call'
sprockets-rails (3.2.0) lib/sprockets/rails/quiet_assets.rb:13:in `call'
actionpack (5.0.1) lib/action_dispatch/middleware/request_id.rb:24:in `call'
rack (2.0.1) lib/rack/method_override.rb:22:in `call'
rack (2.0.1) lib/rack/runtime.rb:22:in `call'
activesupport (5.0.1) lib/active_support/cache/strategy/local_cache_middleware.rb:28:in `call'
actionpack (5.0.1) lib/action_dispatch/middleware/executor.rb:12:in `call'
actionpack (5.0.1) lib/action_dispatch/middleware/static.rb:136:in `call'
rack (2.0.1) lib/rack/sendfile.rb:111:in `call'
railties (5.0.1) lib/rails/engine.rb:522:in `call'
puma (3.6.2) lib/puma/configuration.rb:225:in `call'
puma (3.6.2) lib/puma/server.rb:578:in `handle_request'
puma (3.6.2) lib/puma/server.rb:415:in `process_client'
puma (3.6.2) lib/puma/server.rb:275:in `block in run'
puma (3.6.2) lib/puma/thread_pool.rb:116:in `block in spawn_thread'
  Rendering C:/RailsInstaller/Ruby2.3.0/lib/ruby/gems/2.3.0/gems/actionpack-5.0.1/lib/action_dispatch/middleware/templates/rescues/diagnostics.html.erb within rescues/layout
  Rendering C:/RailsInstaller/Ruby2.3.0/lib/ruby/gems/2.3.0/gems/actionpack-5.0.1/lib/action_dispatch/middleware/templates/rescues/_source.html.erb
  Rendered C:/RailsInstaller/Ruby2.3.0/lib/ruby/gems/2.3.0/gems/actionpack-5.0.1/lib/action_dispatch/middleware/templates/rescues/_source.html.erb (2.0ms)
  Rendering C:/RailsInstaller/Ruby2.3.0/lib/ruby/gems/2.3.0/gems/actionpack-5.0.1/lib/action_dispatch/middleware/templates/rescues/_trace.html.erb
  Rendered C:/RailsInstaller/Ruby2.3.0/lib/ruby/gems/2.3.0/gems/actionpack-5.0.1/lib/action_dispatch/middleware/templates/rescues/_trace.html.erb (1.0ms)
  Rendering C:/RailsInstaller/Ruby2.3.0/lib/ruby/gems/2.3.0/gems/actionpack-5.0.1/lib/action_dispatch/middleware/templates/rescues/_request_and_response.html.erb
  Rendered C:/RailsInstaller/Ruby2.3.0/lib/ruby/gems/2.3.0/gems/actionpack-5.0.1/lib/action_dispatch/middleware/templates/rescues/_request_and_response.html.erb (0.0ms)
  Rendered C:/RailsInstaller/Ruby2.3.0/lib/ruby/gems/2.3.0/gems/actionpack-5.0.1/lib/action_dispatch/middleware/templates/rescues/diagnostics.html.erb within rescues/layout (818.7ms)
  [1m[35m (16.2ms)[0m  [1m[35mCREATE TABLE "schema_migrations" ("version" varchar NOT NULL PRIMARY KEY)[0m
  [1m[35m (14.2ms)[0m  [1m[35mCREATE TABLE "ar_internal_metadata" ("key" varchar NOT NULL PRIMARY KEY, "value" varchar, "created_at" datetime NOT NULL, "updated_at" datetime NOT NULL)[0m
  [1m[36mActiveRecord::SchemaMigration Load (1.0ms)[0m  [1m[34mSELECT "schema_migrations".* FROM "schema_migrations"[0m
Migrating to CreateBreweries (20170117094834)
  [1m[35m (0.0ms)[0m  [1m[36mbegin transaction[0m
  [1m[35m (1.0ms)[0m  [1m[35mCREATE TABLE "breweries" ("id" INTEGER PRIMARY KEY AUTOINCREMENT NOT NULL, "name" varchar, "year" integer, "created_at" datetime NOT NULL, "updated_at" datetime NOT NULL)[0m
  [1m[35mSQL (0.0ms)[0m  [1m[32mINSERT INTO "schema_migrations" ("version") VALUES (?)[0m  [["version", "20170117094834"]]
  [1m[35m (13.8ms)[0m  [1m[36mcommit transaction[0m
  [1m[36mActiveRecord::InternalMetadata Load (0.0ms)[0m  [1m[34mSELECT  "ar_internal_metadata".* FROM "ar_internal_metadata" WHERE "ar_internal_metadata"."key" = ? LIMIT ?[0m  [["key", :environment], ["LIMIT", 1]]
  [1m[35m (0.0ms)[0m  [1m[36mbegin transaction[0m
  [1m[35mSQL (1.0ms)[0m  [1m[32mINSERT INTO "ar_internal_metadata" ("key", "value", "created_at", "updated_at") VALUES (?, ?, ?, ?)[0m  [["key", "environment"], ["value", "development"], ["created_at", 2017-01-17 09:52:23 UTC], ["updated_at", 2017-01-17 09:52:23 UTC]]
  [1m[35m (14.2ms)[0m  [1m[36mcommit transaction[0m
  [1m[36mActiveRecord::SchemaMigration Load (1.0ms)[0m  [1m[34mSELECT "schema_migrations".* FROM "schema_migrations"[0m
Started GET "/" for ::1 at 2017-01-17 11:52:35 +0200
  [1m[36mActiveRecord::SchemaMigration Load (1.0ms)[0m  [1m[34mSELECT "schema_migrations".* FROM "schema_migrations"[0m
Processing by Rails::WelcomeController#index as HTML
  Parameters: {"internal"=>true}
  Rendering C:/RailsInstaller/Ruby2.3.0/lib/ruby/gems/2.3.0/gems/railties-5.0.1/lib/rails/templates/rails/welcome/index.html.erb
  Rendered C:/RailsInstaller/Ruby2.3.0/lib/ruby/gems/2.3.0/gems/railties-5.0.1/lib/rails/templates/rails/welcome/index.html.erb (6.0ms)
Completed 200 OK in 83ms (Views: 32.9ms | ActiveRecord: 0.0ms)


Started GET "/breweries" for ::1 at 2017-01-17 11:52:46 +0200
Processing by BreweriesController#index as HTML
  Rendering breweries/index.html.erb within layouts/application
  [1m[36mBrewery Load (0.0ms)[0m  [1m[34mSELECT "breweries".* FROM "breweries"[0m
  Rendered breweries/index.html.erb within layouts/application (6.7ms)
Completed 500 Internal Server Error in 3035ms (ActiveRecord: 0.0ms)


  
ActionView::Template::Error (TypeError: Objekti ei tue tätä ominaisuutta tai menetelmää):
    4:     <title>RateBeer</title>
    5:     <%= csrf_meta_tags %>
    6: 
    7:     <%= stylesheet_link_tag    'application', media: 'all', 'data-turbolinks-track': 'reload' %>
    8:     <%= javascript_include_tag 'application', 'data-turbolinks-track': 'reload' %>
    9:   </head>
   10: 
  
app/views/layouts/application.html.erb:7:in `_app_views_layouts_application_html_erb__181192182_42608928'
  Rendering C:/RailsInstaller/Ruby2.3.0/lib/ruby/gems/2.3.0/gems/actionpack-5.0.1/lib/action_dispatch/middleware/templates/rescues/template_error.html.erb within rescues/layout
  Rendering C:/RailsInstaller/Ruby2.3.0/lib/ruby/gems/2.3.0/gems/actionpack-5.0.1/lib/action_dispatch/middleware/templates/rescues/_source.html.erb
  Rendered C:/RailsInstaller/Ruby2.3.0/lib/ruby/gems/2.3.0/gems/actionpack-5.0.1/lib/action_dispatch/middleware/templates/rescues/_source.html.erb (5.0ms)
  Rendering C:/RailsInstaller/Ruby2.3.0/lib/ruby/gems/2.3.0/gems/actionpack-5.0.1/lib/action_dispatch/middleware/templates/rescues/_trace.html.erb
  Rendered C:/RailsInstaller/Ruby2.3.0/lib/ruby/gems/2.3.0/gems/actionpack-5.0.1/lib/action_dispatch/middleware/templates/rescues/_trace.html.erb (2.0ms)
  Rendering C:/RailsInstaller/Ruby2.3.0/lib/ruby/gems/2.3.0/gems/actionpack-5.0.1/lib/action_dispatch/middleware/templates/rescues/_request_and_response.html.erb
  Rendered C:/RailsInstaller/Ruby2.3.0/lib/ruby/gems/2.3.0/gems/actionpack-5.0.1/lib/action_dispatch/middleware/templates/rescues/_request_and_response.html.erb (1.0ms)
  Rendered C:/RailsInstaller/Ruby2.3.0/lib/ruby/gems/2.3.0/gems/actionpack-5.0.1/lib/action_dispatch/middleware/templates/rescues/template_error.html.erb within rescues/layout (716.1ms)
Started GET "/breweries" for ::1 at 2017-01-17 12:03:07 +0200
  [1m[36mActiveRecord::SchemaMigration Load (0.0ms)[0m  [1m[34mSELECT "schema_migrations".* FROM "schema_migrations"[0m
Processing by BreweriesController#index as HTML
  Rendering breweries/index.html.erb within layouts/application
  [1m[36mBrewery Load (0.0ms)[0m  [1m[34mSELECT "breweries".* FROM "breweries"[0m
  Rendered breweries/index.html.erb within layouts/application (17.0ms)
Completed 500 Internal Server Error in 1034ms (ActiveRecord: 0.0ms)


  
ActionView::Template::Error (TypeError: Objekti ei tue tätä ominaisuutta tai menetelmää):
    4:     <title>RateBeer</title>
    5:     <%= csrf_meta_tags %>
    6: 
    7:     <%= stylesheet_link_tag    'application', media: 'all', 'data-turbolinks-track': 'reload' %>
    8:     <%= javascript_include_tag 'application', 'data-turbolinks-track': 'reload' %>
    9:   </head>
   10: 
  
app/views/layouts/application.html.erb:7:in `_app_views_layouts_application_html_erb__410807580_43126812'
  Rendering C:/RailsInstaller/Ruby2.3.0/lib/ruby/gems/2.3.0/gems/actionpack-5.0.1/lib/action_dispatch/middleware/templates/rescues/template_error.html.erb within rescues/layout
  Rendering C:/RailsInstaller/Ruby2.3.0/lib/ruby/gems/2.3.0/gems/actionpack-5.0.1/lib/action_dispatch/middleware/templates/rescues/_source.html.erb
  Rendered C:/RailsInstaller/Ruby2.3.0/lib/ruby/gems/2.3.0/gems/actionpack-5.0.1/lib/action_dispatch/middleware/templates/rescues/_source.html.erb (5.0ms)
  Rendering C:/RailsInstaller/Ruby2.3.0/lib/ruby/gems/2.3.0/gems/actionpack-5.0.1/lib/action_dispatch/middleware/templates/rescues/_trace.html.erb
  Rendered C:/RailsInstaller/Ruby2.3.0/lib/ruby/gems/2.3.0/gems/actionpack-5.0.1/lib/action_dispatch/middleware/templates/rescues/_trace.html.erb (2.0ms)
  Rendering C:/RailsInstaller/Ruby2.3.0/lib/ruby/gems/2.3.0/gems/actionpack-5.0.1/lib/action_dispatch/middleware/templates/rescues/_request_and_response.html.erb
  Rendered C:/RailsInstaller/Ruby2.3.0/lib/ruby/gems/2.3.0/gems/actionpack-5.0.1/lib/action_dispatch/middleware/templates/rescues/_request_and_response.html.erb (0.0ms)
  Rendered C:/RailsInstaller/Ruby2.3.0/lib/ruby/gems/2.3.0/gems/actionpack-5.0.1/lib/action_dispatch/middleware/templates/rescues/template_error.html.erb within rescues/layout (750.6ms)
Started GET "/breweries" for ::1 at 2017-01-17 12:09:24 +0200
  [1m[36mActiveRecord::SchemaMigration Load (0.0ms)[0m  [1m[34mSELECT "schema_migrations".* FROM "schema_migrations"[0m
Processing by BreweriesController#index as HTML
  Rendering breweries/index.html.erb within layouts/application
  [1m[36mBrewery Load (0.0ms)[0m  [1m[34mSELECT "breweries".* FROM "breweries"[0m
  Rendered breweries/index.html.erb within layouts/application (8.0ms)
Completed 500 Internal Server Error in 2878ms (ActiveRecord: 0.0ms)


  
ActionView::Template::Error (TypeError: Objekti ei tue tätä ominaisuutta tai menetelmää):
    4:     <title>RateBeer</title>
    5:     <%= csrf_meta_tags %>
    6: 
    7:     <%= stylesheet_link_tag    'application', media: 'all', 'data-turbolinks-track': 'reload' %>
    8:     <%= javascript_include_tag 'application', 'data-turbolinks-track': 'reload' %>
    9:   </head>
   10: 
  
app/views/layouts/application.html.erb:7:in `_app_views_layouts_application_html_erb___549565040_43650540'
  Rendering C:/RailsInstaller/Ruby2.3.0/lib/ruby/gems/2.3.0/gems/actionpack-5.0.1/lib/action_dispatch/middleware/templates/rescues/template_error.html.erb within rescues/layout
  Rendering C:/RailsInstaller/Ruby2.3.0/lib/ruby/gems/2.3.0/gems/actionpack-5.0.1/lib/action_dispatch/middleware/templates/rescues/_source.html.erb
  Rendered C:/RailsInstaller/Ruby2.3.0/lib/ruby/gems/2.3.0/gems/actionpack-5.0.1/lib/action_dispatch/middleware/templates/rescues/_source.html.erb (5.0ms)
  Rendering C:/RailsInstaller/Ruby2.3.0/lib/ruby/gems/2.3.0/gems/actionpack-5.0.1/lib/action_dispatch/middleware/templates/rescues/_trace.html.erb
  Rendered C:/RailsInstaller/Ruby2.3.0/lib/ruby/gems/2.3.0/gems/actionpack-5.0.1/lib/action_dispatch/middleware/templates/rescues/_trace.html.erb (2.0ms)
  Rendering C:/RailsInstaller/Ruby2.3.0/lib/ruby/gems/2.3.0/gems/actionpack-5.0.1/lib/action_dispatch/middleware/templates/rescues/_request_and_response.html.erb
  Rendered C:/RailsInstaller/Ruby2.3.0/lib/ruby/gems/2.3.0/gems/actionpack-5.0.1/lib/action_dispatch/middleware/templates/rescues/_request_and_response.html.erb (1.0ms)
  Rendered C:/RailsInstaller/Ruby2.3.0/lib/ruby/gems/2.3.0/gems/actionpack-5.0.1/lib/action_dispatch/middleware/templates/rescues/template_error.html.erb within rescues/layout (723.4ms)
Started GET "/breweries" for ::1 at 2017-01-17 12:15:43 +0200
  [1m[36mActiveRecord::SchemaMigration Load (0.0ms)[0m  [1m[34mSELECT "schema_migrations".* FROM "schema_migrations"[0m
Processing by BreweriesController#index as HTML
  Rendering breweries/index.html.erb within layouts/application
  [1m[36mBrewery Load (1.0ms)[0m  [1m[34mSELECT "breweries".* FROM "breweries"[0m
  Rendered breweries/index.html.erb within layouts/application (9.0ms)
Completed 500 Internal Server Error in 1064ms (ActiveRecord: 1.0ms)


  
ActionView::Template::Error (TypeError: Objekti ei tue tätä ominaisuutta tai menetelmää):
    4:     <title>RateBeer</title>
    5:     <%= csrf_meta_tags %>
    6: 
    7:     <%= stylesheet_link_tag    'application', media: 'all', 'data-turbolinks-track': 'reload' %>
    8:     <%= javascript_include_tag 'application', 'data-turbolinks-track': 'reload' %>
    9:   </head>
   10: 
  
app/views/layouts/application.html.erb:7:in `_app_views_layouts_application_html_erb___453852430_43142280'
  Rendering C:/RailsInstaller/Ruby2.3.0/lib/ruby/gems/2.3.0/gems/actionpack-5.0.1/lib/action_dispatch/middleware/templates/rescues/template_error.html.erb within rescues/layout
  Rendering C:/RailsInstaller/Ruby2.3.0/lib/ruby/gems/2.3.0/gems/actionpack-5.0.1/lib/action_dispatch/middleware/templates/rescues/_source.html.erb
  Rendered C:/RailsInstaller/Ruby2.3.0/lib/ruby/gems/2.3.0/gems/actionpack-5.0.1/lib/action_dispatch/middleware/templates/rescues/_source.html.erb (5.0ms)
  Rendering C:/RailsInstaller/Ruby2.3.0/lib/ruby/gems/2.3.0/gems/actionpack-5.0.1/lib/action_dispatch/middleware/templates/rescues/_trace.html.erb
  Rendered C:/RailsInstaller/Ruby2.3.0/lib/ruby/gems/2.3.0/gems/actionpack-5.0.1/lib/action_dispatch/middleware/templates/rescues/_trace.html.erb (2.0ms)
  Rendering C:/RailsInstaller/Ruby2.3.0/lib/ruby/gems/2.3.0/gems/actionpack-5.0.1/lib/action_dispatch/middleware/templates/rescues/_request_and_response.html.erb
  Rendered C:/RailsInstaller/Ruby2.3.0/lib/ruby/gems/2.3.0/gems/actionpack-5.0.1/lib/action_dispatch/middleware/templates/rescues/_request_and_response.html.erb (1.0ms)
  Rendered C:/RailsInstaller/Ruby2.3.0/lib/ruby/gems/2.3.0/gems/actionpack-5.0.1/lib/action_dispatch/middleware/templates/rescues/template_error.html.erb within rescues/layout (743.5ms)
Started GET "/breweries" for ::1 at 2017-01-17 12:22:08 +0200
  [1m[36mActiveRecord::SchemaMigration Load (0.0ms)[0m  [1m[34mSELECT "schema_migrations".* FROM "schema_migrations"[0m
Processing by BreweriesController#index as HTML
  Rendering breweries/index.html.erb within layouts/application
  [1m[36mBrewery Load (1.0ms)[0m  [1m[34mSELECT "breweries".* FROM "breweries"[0m
  Rendered breweries/index.html.erb within layouts/application (17.1ms)
Completed 500 Internal Server Error in 1355ms (ActiveRecord: 1.0ms)


  
ActionView::Template::Error (TypeError: Objekti ei tue tätä ominaisuutta tai menetelmää):
    4:     <title>RateBeer</title>
    5:     <%= csrf_meta_tags %>
    6: 
    7:     <%= stylesheet_link_tag    'application', media: 'all', 'data-turbolinks-track': 'reload' %>
    8:     <%= javascript_include_tag 'application', 'data-turbolinks-track': 'reload' %>
    9:   </head>
   10: 
  
app/views/layouts/application.html.erb:7:in `_app_views_layouts_application_html_erb___557906846_43145460'
  Rendering C:/RailsInstaller/Ruby2.3.0/lib/ruby/gems/2.3.0/gems/actionpack-5.0.1/lib/action_dispatch/middleware/templates/rescues/template_error.html.erb within rescues/layout
  Rendering C:/RailsInstaller/Ruby2.3.0/lib/ruby/gems/2.3.0/gems/actionpack-5.0.1/lib/action_dispatch/middleware/templates/rescues/_source.html.erb
  Rendered C:/RailsInstaller/Ruby2.3.0/lib/ruby/gems/2.3.0/gems/actionpack-5.0.1/lib/action_dispatch/middleware/templates/rescues/_source.html.erb (5.0ms)
  Rendering C:/RailsInstaller/Ruby2.3.0/lib/ruby/gems/2.3.0/gems/actionpack-5.0.1/lib/action_dispatch/middleware/templates/rescues/_trace.html.erb
  Rendered C:/RailsInstaller/Ruby2.3.0/lib/ruby/gems/2.3.0/gems/actionpack-5.0.1/lib/action_dispatch/middleware/templates/rescues/_trace.html.erb (2.0ms)
  Rendering C:/RailsInstaller/Ruby2.3.0/lib/ruby/gems/2.3.0/gems/actionpack-5.0.1/lib/action_dispatch/middleware/templates/rescues/_request_and_response.html.erb
  Rendered C:/RailsInstaller/Ruby2.3.0/lib/ruby/gems/2.3.0/gems/actionpack-5.0.1/lib/action_dispatch/middleware/templates/rescues/_request_and_response.html.erb (0.0ms)
  Rendered C:/RailsInstaller/Ruby2.3.0/lib/ruby/gems/2.3.0/gems/actionpack-5.0.1/lib/action_dispatch/middleware/templates/rescues/template_error.html.erb within rescues/layout (777.7ms)
Started GET "/breweries" for ::1 at 2017-01-17 12:36:22 +0200
  [1m[36mActiveRecord::SchemaMigration Load (0.0ms)[0m  [1m[34mSELECT "schema_migrations".* FROM "schema_migrations"[0m
Processing by BreweriesController#index as HTML
  Rendering breweries/index.html.erb within layouts/application
  [1m[36mBrewery Load (1.0ms)[0m  [1m[34mSELECT "breweries".* FROM "breweries"[0m
  Rendered breweries/index.html.erb within layouts/application (8.0ms)
Completed 500 Internal Server Error in 928ms (ActiveRecord: 2.0ms)


  
ActionView::Template::Error (TypeError: Objekti ei tue tätä ominaisuutta tai menetelmää):
    4:     <title>RateBeer</title>
    5:     <%= csrf_meta_tags %>
    6: 
    7:     <%= stylesheet_link_tag    'application', media: 'all', 'data-turbolinks-track': 'reload' %>
    8:     <%= javascript_include_tag 'application', 'data-turbolinks-track': 'reload' %>
    9:   </head>
   10: 
  
app/views/layouts/application.html.erb:7:in `_app_views_layouts_application_html_erb__71461523_43224336'
  Rendering C:/RailsInstaller/Ruby2.3.0/lib/ruby/gems/2.3.0/gems/actionpack-5.0.1/lib/action_dispatch/middleware/templates/rescues/template_error.html.erb within rescues/layout
  Rendering C:/RailsInstaller/Ruby2.3.0/lib/ruby/gems/2.3.0/gems/actionpack-5.0.1/lib/action_dispatch/middleware/templates/rescues/_source.html.erb
  Rendered C:/RailsInstaller/Ruby2.3.0/lib/ruby/gems/2.3.0/gems/actionpack-5.0.1/lib/action_dispatch/middleware/templates/rescues/_source.html.erb (5.0ms)
  Rendering C:/RailsInstaller/Ruby2.3.0/lib/ruby/gems/2.3.0/gems/actionpack-5.0.1/lib/action_dispatch/middleware/templates/rescues/_trace.html.erb
  Rendered C:/RailsInstaller/Ruby2.3.0/lib/ruby/gems/2.3.0/gems/actionpack-5.0.1/lib/action_dispatch/middleware/templates/rescues/_trace.html.erb (1.0ms)
  Rendering C:/RailsInstaller/Ruby2.3.0/lib/ruby/gems/2.3.0/gems/actionpack-5.0.1/lib/action_dispatch/middleware/templates/rescues/_request_and_response.html.erb
  Rendered C:/RailsInstaller/Ruby2.3.0/lib/ruby/gems/2.3.0/gems/actionpack-5.0.1/lib/action_dispatch/middleware/templates/rescues/_request_and_response.html.erb (0.0ms)
  Rendered C:/RailsInstaller/Ruby2.3.0/lib/ruby/gems/2.3.0/gems/actionpack-5.0.1/lib/action_dispatch/middleware/templates/rescues/template_error.html.erb within rescues/layout (713.5ms)
Started GET "/breweries" for ::1 at 2017-01-17 12:37:17 +0200
  [1m[36mActiveRecord::SchemaMigration Load (1.0ms)[0m  [1m[34mSELECT "schema_migrations".* FROM "schema_migrations"[0m
Processing by BreweriesController#index as HTML
  Rendering breweries/index.html.erb within layouts/application
  [1m[36mBrewery Load (0.0ms)[0m  [1m[34mSELECT "breweries".* FROM "breweries"[0m
  Rendered breweries/index.html.erb within layouts/application (14.0ms)
Completed 500 Internal Server Error in 993ms (ActiveRecord: 0.0ms)


  
ActionView::Template::Error (TypeError: Objekti ei tue tätä ominaisuutta tai menetelmää):
    4:     <title>RateBeer</title>
    5:     <%= csrf_meta_tags %>
    6: 
    7:     <%= stylesheet_link_tag    'application', media: 'all', 'data-turbolinks-track': 'reload' %>
    8:     <%= javascript_include_tag 'application', 'data-turbolinks-track': 'reload' %>
    9:   </head>
   10: 
  
app/views/layouts/application.html.erb:7:in `_app_views_layouts_application_html_erb___522619625_45538668'
  Rendering C:/RailsInstaller/Ruby2.3.0/lib/ruby/gems/2.3.0/gems/actionpack-5.0.1/lib/action_dispatch/middleware/templates/rescues/template_error.html.erb within rescues/layout
  Rendering C:/RailsInstaller/Ruby2.3.0/lib/ruby/gems/2.3.0/gems/actionpack-5.0.1/lib/action_dispatch/middleware/templates/rescues/_source.html.erb
  Rendered C:/RailsInstaller/Ruby2.3.0/lib/ruby/gems/2.3.0/gems/actionpack-5.0.1/lib/action_dispatch/middleware/templates/rescues/_source.html.erb (5.0ms)
  Rendering C:/RailsInstaller/Ruby2.3.0/lib/ruby/gems/2.3.0/gems/actionpack-5.0.1/lib/action_dispatch/middleware/templates/rescues/_trace.html.erb
  Rendered C:/RailsInstaller/Ruby2.3.0/lib/ruby/gems/2.3.0/gems/actionpack-5.0.1/lib/action_dispatch/middleware/templates/rescues/_trace.html.erb (2.0ms)
  Rendering C:/RailsInstaller/Ruby2.3.0/lib/ruby/gems/2.3.0/gems/actionpack-5.0.1/lib/action_dispatch/middleware/templates/rescues/_request_and_response.html.erb
  Rendered C:/RailsInstaller/Ruby2.3.0/lib/ruby/gems/2.3.0/gems/actionpack-5.0.1/lib/action_dispatch/middleware/templates/rescues/_request_and_response.html.erb (0.0ms)
  Rendered C:/RailsInstaller/Ruby2.3.0/lib/ruby/gems/2.3.0/gems/actionpack-5.0.1/lib/action_dispatch/middleware/templates/rescues/template_error.html.erb within rescues/layout (713.6ms)
Started GET "/breweries" for ::1 at 2017-01-17 12:40:50 +0200
  [1m[36mActiveRecord::SchemaMigration Load (0.0ms)[0m  [1m[34mSELECT "schema_migrations".* FROM "schema_migrations"[0m
Processing by BreweriesController#index as HTML
  Rendering breweries/index.html.erb within layouts/application
  [1m[36mBrewery Load (0.0ms)[0m  [1m[34mSELECT "breweries".* FROM "breweries"[0m
  Rendered breweries/index.html.erb within layouts/application (8.0ms)
Completed 200 OK in 679ms (Views: 652.2ms | ActiveRecord: 0.0ms)


Started GET "/breweries/new" for ::1 at 2017-01-17 12:42:54 +0200
Processing by BreweriesController#new as HTML
  Rendering breweries/new.html.erb within layouts/application
  Rendered breweries/_form.html.erb (64.0ms)
  Rendered breweries/new.html.erb within layouts/application (83.0ms)
Completed 200 OK in 169ms (Views: 146.2ms | ActiveRecord: 1.0ms)


Started POST "/breweries" for ::1 at 2017-01-17 12:43:02 +0200
Processing by BreweriesController#create as HTML
  Parameters: {"utf8"=>"✓", "authenticity_token"=>"PeZr8458oqYyxO6P/dgHcikPriSsoOT2bDcbQi/IC8zwjEo6m/+Fdwtcix0tNcaCWDZ8RxFber7bki/zCgwB3w==", "brewery"=>{"name"=>"Panimo 1", "year"=>"1"}, "commit"=>"Create Brewery"}
  [1m[35m (0.0ms)[0m  [1m[36mbegin transaction[0m
  [1m[35mSQL (3.7ms)[0m  [1m[32mINSERT INTO "breweries" ("name", "year", "created_at", "updated_at") VALUES (?, ?, ?, ?)[0m  [["name", "Panimo 1"], ["year", 1], ["created_at", 2017-01-17 10:43:02 UTC], ["updated_at", 2017-01-17 10:43:02 UTC]]
  [1m[35m (45.2ms)[0m  [1m[36mcommit transaction[0m
Redirected to http://localhost:3000/breweries/1
Completed 302 Found in 63ms (ActiveRecord: 48.8ms)


Started GET "/breweries/1" for ::1 at 2017-01-17 12:43:03 +0200
Processing by BreweriesController#show as HTML
  Parameters: {"id"=>"1"}
  [1m[36mBrewery Load (1.0ms)[0m  [1m[34mSELECT  "breweries".* FROM "breweries" WHERE "breweries"."id" = ? LIMIT ?[0m  [["id", 1], ["LIMIT", 1]]
  Rendering breweries/show.html.erb within layouts/application
  Rendered breweries/show.html.erb within layouts/application (1.0ms)
Completed 200 OK in 102ms (Views: 64.5ms | ActiveRecord: 1.0ms)


Started GET "/breweries" for ::1 at 2017-01-17 12:43:06 +0200
Processing by BreweriesController#index as HTML
  Rendering breweries/index.html.erb within layouts/application
  [1m[36mBrewery Load (0.0ms)[0m  [1m[34mSELECT "breweries".* FROM "breweries"[0m
  Rendered breweries/index.html.erb within layouts/application (2.5ms)
Completed 200 OK in 91ms (Views: 78.2ms | ActiveRecord: 0.0ms)


Started GET "/breweries/new" for ::1 at 2017-01-17 12:43:07 +0200
Processing by BreweriesController#new as HTML
  Rendering breweries/new.html.erb within layouts/application
  Rendered breweries/_form.html.erb (2.0ms)
  Rendered breweries/new.html.erb within layouts/application (14.0ms)
Completed 200 OK in 91ms (Views: 79.5ms | ActiveRecord: 0.0ms)


Started POST "/breweries" for ::1 at 2017-01-17 12:43:22 +0200
Processing by BreweriesController#create as HTML
  Parameters: {"utf8"=>"✓", "authenticity_token"=>"cEQMGzmFRQIH+LZPh4IXFHp8Zy4jS0EXYRRrNPZLSkm9Li3SLAZi0z5g091Xb9bkC0W1TZ6w31/WsV+F049AWg==", "brewery"=>{"name"=>"Panimo 2", "year"=>"2"}, "commit"=>"Create Brewery"}
  [1m[35m (0.0ms)[0m  [1m[36mbegin transaction[0m
  [1m[35mSQL (1.6ms)[0m  [1m[32mINSERT INTO "breweries" ("name", "year", "created_at", "updated_at") VALUES (?, ?, ?, ?)[0m  [["name", "Panimo 2"], ["year", 2], ["created_at", 2017-01-17 10:43:22 UTC], ["updated_at", 2017-01-17 10:43:22 UTC]]
  [1m[35m (12.4ms)[0m  [1m[36mcommit transaction[0m
Redirected to http://localhost:3000/breweries/2
Completed 302 Found in 18ms (ActiveRecord: 14.0ms)


Started GET "/breweries/2" for ::1 at 2017-01-17 12:43:22 +0200
Processing by BreweriesController#show as HTML
  Parameters: {"id"=>"2"}
  [1m[36mBrewery Load (0.0ms)[0m  [1m[34mSELECT  "breweries".* FROM "breweries" WHERE "breweries"."id" = ? LIMIT ?[0m  [["id", 2], ["LIMIT", 1]]
  Rendering breweries/show.html.erb within layouts/application
  Rendered breweries/show.html.erb within layouts/application (0.0ms)
Completed 200 OK in 79ms (Views: 64.7ms | ActiveRecord: 0.0ms)


Started GET "/breweries" for ::1 at 2017-01-17 12:43:24 +0200
Processing by BreweriesController#index as HTML
  Rendering breweries/index.html.erb within layouts/application
  [1m[36mBrewery Load (0.0ms)[0m  [1m[34mSELECT "breweries".* FROM "breweries"[0m
  Rendered breweries/index.html.erb within layouts/application (1.9ms)
Completed 200 OK in 76ms (Views: 64.6ms | ActiveRecord: 0.0ms)


Started GET "/breweries/new" for ::1 at 2017-01-17 12:43:27 +0200
Processing by BreweriesController#new as HTML
  Rendering breweries/new.html.erb within layouts/application
  Rendered breweries/_form.html.erb (2.0ms)
  Rendered breweries/new.html.erb within layouts/application (15.0ms)
Completed 200 OK in 91ms (Views: 78.3ms | ActiveRecord: 0.0ms)


Started POST "/breweries" for ::1 at 2017-01-17 12:43:33 +0200
Processing by BreweriesController#create as HTML
  Parameters: {"utf8"=>"✓", "authenticity_token"=>"jOLQeDJprc7Wb4Vp+xCWwGbczDqrUcWIlkg5bSvvQ+5BiPGxJ+qKH+/34Psr/VcwF+UeWRaqW8Ah7Q3cDitJ/Q==", "brewery"=>{"name"=>"Panimo 3", "year"=>"3"}, "commit"=>"Create Brewery"}
  [1m[35m (0.0ms)[0m  [1m[36mbegin transaction[0m
  [1m[35mSQL (1.0ms)[0m  [1m[32mINSERT INTO "breweries" ("name", "year", "created_at", "updated_at") VALUES (?, ?, ?, ?)[0m  [["name", "Panimo 3"], ["year", 3], ["created_at", 2017-01-17 10:43:33 UTC], ["updated_at", 2017-01-17 10:43:33 UTC]]
  [1m[35m (13.0ms)[0m  [1m[36mcommit transaction[0m
Redirected to http://localhost:3000/breweries/3
Completed 302 Found in 18ms (ActiveRecord: 14.0ms)


Started GET "/breweries/3" for ::1 at 2017-01-17 12:43:33 +0200
Processing by BreweriesController#show as HTML
  Parameters: {"id"=>"3"}
  [1m[36mBrewery Load (0.0ms)[0m  [1m[34mSELECT  "breweries".* FROM "breweries" WHERE "breweries"."id" = ? LIMIT ?[0m  [["id", 3], ["LIMIT", 1]]
  Rendering breweries/show.html.erb within layouts/application
  Rendered breweries/show.html.erb within layouts/application (0.0ms)
Completed 200 OK in 79ms (Views: 64.5ms | ActiveRecord: 0.0ms)


Started GET "/breweries" for ::1 at 2017-01-17 12:43:35 +0200
Processing by BreweriesController#index as HTML
  Rendering breweries/index.html.erb within layouts/application
  [1m[36mBrewery Load (0.0ms)[0m  [1m[34mSELECT "breweries".* FROM "breweries"[0m
  Rendered breweries/index.html.erb within layouts/application (3.0ms)
Completed 200 OK in 84ms (Views: 70.7ms | ActiveRecord: 0.0ms)


